Determining if the pthread_create exist failed with the following output:
Change Dir: /home/ronnie7z/mybot_ws/build/CMakeFiles/CMakeTmp

Run Build Command:"/usr/bin/make" "cmTC_a7c64/fast"
/usr/bin/make -f CMakeFiles/cmTC_a7c64.dir/build.make CMakeFiles/cmTC_a7c64.dir/build
make[1]: Entering directory '/home/ronnie7z/mybot_ws/build/CMakeFiles/CMakeTmp'
Building C object CMakeFiles/cmTC_a7c64.dir/CheckSymbolExists.c.o
/usr/bin/cc    -o CMakeFiles/cmTC_a7c64.dir/CheckSymbolExists.c.o   -c /home/ronnie7z/mybot_ws/build/CMakeFiles/CMakeTmp/CheckSymbolExists.c
Linking C executable cmTC_a7c64
/usr/bin/cmake -E cmake_link_script CMakeFiles/cmTC_a7c64.dir/link.txt --verbose=1
/usr/bin/cc      -rdynamic CMakeFiles/cmTC_a7c64.dir/CheckSymbolExists.c.o  -o cmTC_a7c64 
CMakeFiles/cmTC_a7c64.dir/CheckSymbolExists.c.o: In function `main':
CheckSymbolExists.c:(.text+0x1b): undefined reference to `pthread_create'
collect2: error: ld returned 1 exit status
CMakeFiles/cmTC_a7c64.dir/build.make:97: recipe for target 'cmTC_a7c64' failed
make[1]: *** [cmTC_a7c64] Error 1
make[1]: Leaving directory '/home/ronnie7z/mybot_ws/build/CMakeFiles/CMakeTmp'
Makefile:126: recipe for target 'cmTC_a7c64/fast' failed
make: *** [cmTC_a7c64/fast] Error 2

File /home/ronnie7z/mybot_ws/build/CMakeFiles/CMakeTmp/CheckSymbolExists.c:
/* */
#include <pthread.h>

int main(int argc, char** argv)
{
  (void)argv;
#ifndef pthread_create
  return ((int*)(&pthread_create))[argc];
#else
  (void)argc;
  return 0;
#endif
}

Determining if the function pthread_create exists in the pthreads failed with the following output:
Change Dir: /home/ronnie7z/mybot_ws/build/CMakeFiles/CMakeTmp

Run Build Command:"/usr/bin/make" "cmTC_6e35c/fast"
/usr/bin/make -f CMakeFiles/cmTC_6e35c.dir/build.make CMakeFiles/cmTC_6e35c.dir/build
make[1]: Entering directory '/home/ronnie7z/mybot_ws/build/CMakeFiles/CMakeTmp'
Building C object CMakeFiles/cmTC_6e35c.dir/CheckFunctionExists.c.o
/usr/bin/cc   -DCHECK_FUNCTION_EXISTS=pthread_create   -o CMakeFiles/cmTC_6e35c.dir/CheckFunctionExists.c.o   -c /usr/share/cmake-3.10/Modules/CheckFunctionExists.c
Linking C executable cmTC_6e35c
/usr/bin/cmake -E cmake_link_script CMakeFiles/cmTC_6e35c.dir/link.txt --verbose=1
/usr/bin/cc  -DCHECK_FUNCTION_EXISTS=pthread_create    -rdynamic CMakeFiles/cmTC_6e35c.dir/CheckFunctionExists.c.o  -o cmTC_6e35c -lpthreads 
/usr/bin/ld: cannot find -lpthreads
collect2: error: ld returned 1 exit status
CMakeFiles/cmTC_6e35c.dir/build.make:97: recipe for target 'cmTC_6e35c' failed
make[1]: *** [cmTC_6e35c] Error 1
make[1]: Leaving directory '/home/ronnie7z/mybot_ws/build/CMakeFiles/CMakeTmp'
Makefile:126: recipe for target 'cmTC_6e35c/fast' failed
make: *** [cmTC_6e35c/fast] Error 2


